<?xml version="1.0" encoding="UTF-8"?>
<testsuite name="org.cst8277.ums.ums.UmsApplicationTests" tests="1" skipped="0" failures="0" errors="0" timestamp="2023-08-11T04:02:56" hostname="DESKTOP-26GN85T" time="0.673">
  <properties/>
  <testcase name="contextLoads()" classname="org.cst8277.ums.ums.UmsApplicationTests" time="0.673"/>
  <system-out><![CDATA[00:02:51.983 [Test worker] DEBUG org.springframework.test.context.BootstrapUtils - Instantiating CacheAwareContextLoaderDelegate from class [org.springframework.test.context.cache.DefaultCacheAwareContextLoaderDelegate]
00:02:51.997 [Test worker] DEBUG org.springframework.test.context.BootstrapUtils - Instantiating BootstrapContext using constructor [public org.springframework.test.context.support.DefaultBootstrapContext(java.lang.Class,org.springframework.test.context.CacheAwareContextLoaderDelegate)]
00:02:52.038 [Test worker] DEBUG org.springframework.test.context.BootstrapUtils - Instantiating TestContextBootstrapper for test class [org.cst8277.ums.ums.UmsApplicationTests] from class [org.springframework.boot.test.context.SpringBootTestContextBootstrapper]
00:02:52.047 [Test worker] INFO org.springframework.boot.test.context.SpringBootTestContextBootstrapper - Neither @ContextConfiguration nor @ContextHierarchy found for test class [org.cst8277.ums.ums.UmsApplicationTests], using SpringBootContextLoader
00:02:52.050 [Test worker] DEBUG org.springframework.test.context.support.AbstractContextLoader - Did not detect default resource location for test class [org.cst8277.ums.ums.UmsApplicationTests]: class path resource [org/cst8277/ums/ums/UmsApplicationTests-context.xml] does not exist
00:02:52.051 [Test worker] DEBUG org.springframework.test.context.support.AbstractContextLoader - Did not detect default resource location for test class [org.cst8277.ums.ums.UmsApplicationTests]: class path resource [org/cst8277/ums/ums/UmsApplicationTestsContext.groovy] does not exist
00:02:52.051 [Test worker] INFO org.springframework.test.context.support.AbstractContextLoader - Could not detect default resource locations for test class [org.cst8277.ums.ums.UmsApplicationTests]: no resource found for suffixes {-context.xml, Context.groovy}.
00:02:52.051 [Test worker] INFO org.springframework.test.context.support.AnnotationConfigContextLoaderUtils - Could not detect default configuration classes for test class [org.cst8277.ums.ums.UmsApplicationTests]: UmsApplicationTests does not declare any static, non-private, non-final, nested classes annotated with @Configuration.
00:02:52.100 [Test worker] DEBUG org.springframework.test.context.support.ActiveProfilesUtils - Could not find an 'annotation declaring class' for annotation type [org.springframework.test.context.ActiveProfiles] and class [org.cst8277.ums.ums.UmsApplicationTests]
00:02:52.166 [Test worker] DEBUG org.springframework.context.annotation.ClassPathScanningCandidateComponentProvider - Identified candidate component class: file [C:\EAP Project\ums\build\classes\java\main\org\cst8277\ums\UmsApplication.class]
00:02:52.168 [Test worker] INFO org.springframework.boot.test.context.SpringBootTestContextBootstrapper - Found @SpringBootConfiguration org.cst8277.ums.UmsApplication for test class org.cst8277.ums.ums.UmsApplicationTests
00:02:52.314 [Test worker] DEBUG org.springframework.boot.test.context.SpringBootTestContextBootstrapper - @TestExecutionListeners is not present for class [org.cst8277.ums.ums.UmsApplicationTests]: using defaults.
00:02:52.314 [Test worker] INFO org.springframework.boot.test.context.SpringBootTestContextBootstrapper - Loaded default TestExecutionListener class names from location [META-INF/spring.factories]: [org.springframework.boot.test.autoconfigure.restdocs.RestDocsTestExecutionListener, org.springframework.boot.test.autoconfigure.web.client.MockRestServiceServerResetTestExecutionListener, org.springframework.boot.test.autoconfigure.web.servlet.MockMvcPrintOnlyOnFailureTestExecutionListener, org.springframework.boot.test.autoconfigure.web.servlet.WebDriverTestExecutionListener, org.springframework.boot.test.autoconfigure.webservices.client.MockWebServiceServerTestExecutionListener, org.springframework.boot.test.mock.mockito.MockitoTestExecutionListener, org.springframework.boot.test.mock.mockito.ResetMocksTestExecutionListener, org.springframework.test.context.web.ServletTestExecutionListener, org.springframework.test.context.support.DirtiesContextBeforeModesTestExecutionListener, org.springframework.test.context.event.ApplicationEventsTestExecutionListener, org.springframework.test.context.support.DependencyInjectionTestExecutionListener, org.springframework.test.context.support.DirtiesContextTestExecutionListener, org.springframework.test.context.transaction.TransactionalTestExecutionListener, org.springframework.test.context.jdbc.SqlScriptsTestExecutionListener, org.springframework.test.context.event.EventPublishingTestExecutionListener]
00:02:52.333 [Test worker] INFO org.springframework.boot.test.context.SpringBootTestContextBootstrapper - Using TestExecutionListeners: [org.springframework.test.context.web.ServletTestExecutionListener@2cf23c81, org.springframework.test.context.support.DirtiesContextBeforeModesTestExecutionListener@3624da92, org.springframework.test.context.event.ApplicationEventsTestExecutionListener@35fe2125, org.springframework.boot.test.mock.mockito.MockitoTestExecutionListener@94f6bfb, org.springframework.boot.test.autoconfigure.SpringBootDependencyInjectionTestExecutionListener@34645867, org.springframework.test.context.support.DirtiesContextTestExecutionListener@2484f433, org.springframework.test.context.transaction.TransactionalTestExecutionListener@60b71e8f, org.springframework.test.context.jdbc.SqlScriptsTestExecutionListener@1255b1d1, org.springframework.test.context.event.EventPublishingTestExecutionListener@464649c, org.springframework.boot.test.autoconfigure.restdocs.RestDocsTestExecutionListener@7c22d4f, org.springframework.boot.test.autoconfigure.web.client.MockRestServiceServerResetTestExecutionListener@5f59185e, org.springframework.boot.test.autoconfigure.web.servlet.MockMvcPrintOnlyOnFailureTestExecutionListener@60bdf15d, org.springframework.boot.test.autoconfigure.web.servlet.WebDriverTestExecutionListener@47da3952, org.springframework.boot.test.autoconfigure.webservices.client.MockWebServiceServerTestExecutionListener@51e4ccb3, org.springframework.boot.test.mock.mockito.ResetMocksTestExecutionListener@46e8a539]
00:02:52.337 [Test worker] DEBUG org.springframework.test.context.support.AbstractDirtiesContextTestExecutionListener - Before test class: context [DefaultTestContext@5c48c0c0 testClass = UmsApplicationTests, testInstance = [null], testMethod = [null], testException = [null], mergedContextConfiguration = [WebMergedContextConfiguration@10c8f62 testClass = UmsApplicationTests, locations = '{}', classes = '{class org.cst8277.ums.UmsApplication}', contextInitializerClasses = '[]', activeProfiles = '{}', propertySourceLocations = '{}', propertySourceProperties = '{org.springframework.boot.test.context.SpringBootTestContextBootstrapper=true}', contextCustomizers = set[org.springframework.boot.test.autoconfigure.actuate.metrics.MetricsExportContextCustomizerFactory$DisableMetricExportContextCustomizer@5dcd8c7a, org.springframework.boot.test.autoconfigure.properties.PropertyMappingContextCustomizer@0, org.springframework.boot.test.autoconfigure.web.servlet.WebDriverContextCustomizerFactory$Customizer@2df6226d, org.springframework.boot.test.context.filter.ExcludeFilterContextCustomizer@2b4c1d96, org.springframework.boot.test.json.DuplicateJsonObjectContextCustomizerFactory$DuplicateJsonObjectContextCustomizer@76884e4b, org.springframework.boot.test.mock.mockito.MockitoContextCustomizer@0, org.springframework.boot.test.web.client.TestRestTemplateContextCustomizer@736caf7a, org.springframework.boot.test.web.reactive.server.WebTestClientContextCustomizer@4dd02341, org.springframework.boot.test.context.SpringBootTestArgs@1, org.springframework.boot.test.context.SpringBootTestWebEnvironment@1de76cc7], resourceBasePath = 'src/main/webapp', contextLoader = 'org.springframework.boot.test.context.SpringBootContextLoader', parent = [null]], attributes = map['org.springframework.test.context.web.ServletTestExecutionListener.activateListener' -> true]], class annotated with @DirtiesContext [false] with mode [null].

  .   ____          _            __ _ _
 /\\ / ___'_ __ _ _(_)_ __  __ _ \ \ \ \
( ( )\___ | '_ | '_| | '_ \/ _` | \ \ \ \
 \\/  ___)| |_)| | | | | || (_| |  ) ) ) )
  '  |____| .__|_| |_|_| |_\__, | / / / /
 =========|_|==============|___/=/_/_/_/
 :: Spring Boot ::                (v2.7.0)

2023-08-11 00:02:52.816  INFO 904 --- [    Test worker] org.cst8277.ums.ums.UmsApplicationTests  : Starting UmsApplicationTests using Java 17.0.8 on DESKTOP-26GN85T with PID 904 (started by Aden- in C:\EAP Project\ums)
2023-08-11 00:02:52.817  INFO 904 --- [    Test worker] org.cst8277.ums.ums.UmsApplicationTests  : No active profile set, falling back to 1 default profile: "default"
2023-08-11 00:02:54.974  INFO 904 --- [    Test worker] o.s.s.web.DefaultSecurityFilterChain     : Will secure any request with [org.springframework.security.web.session.DisableEncodeUrlFilter@5eed6dfb, org.springframework.security.web.context.request.async.WebAsyncManagerIntegrationFilter@5600a5da, org.springframework.security.web.context.SecurityContextPersistenceFilter@662be9f7, org.springframework.security.web.header.HeaderWriterFilter@48cb2d73, org.springframework.security.web.csrf.CsrfFilter@3b78c683, org.springframework.security.web.authentication.logout.LogoutFilter@195113de, org.springframework.security.oauth2.client.web.OAuth2AuthorizationRequestRedirectFilter@1653b84e, org.springframework.security.oauth2.client.web.OAuth2LoginAuthenticationFilter@679d0be8, org.cst8277.ums.filter.JwtAuthenticationFilter@551be9f6, org.springframework.security.web.savedrequest.RequestCacheAwareFilter@6282b9f5, org.springframework.security.web.servletapi.SecurityContextHolderAwareRequestFilter@7f5fcfe9, org.springframework.security.web.authentication.AnonymousAuthenticationFilter@269222ae, org.springframework.security.web.session.SessionManagementFilter@126f8f24, org.springframework.security.web.access.ExceptionTranslationFilter@7ce29a2d, org.springframework.security.web.access.intercept.FilterSecurityInterceptor@217dc48e]
2023-08-11 00:02:55.673  INFO 904 --- [    Test worker] o.s.b.a.w.s.WelcomePageHandlerMapping    : Adding welcome page: class path resource [static/index.html]
2023-08-11 00:02:56.873  INFO 904 --- [    Test worker] org.cst8277.ums.ums.UmsApplicationTests  : Started UmsApplicationTests in 4.491 seconds (JVM running for 5.868)
]]></system-out>
  <system-err><![CDATA[]]></system-err>
</testsuite>
